<?xml version="1.0" encoding="UTF-8"?>
<metadata>
  <groupId>androidx.test.ext</groupId>
  <artifactId>junit-ktx</artifactId>
  <version>1.3.0-alpha04</version>
  <versioning>
    <release>1.3.0-alpha04</release>
    <versions>
      <version>1.3.0-alpha04</version>
    </versions>
  <lastUpdated>20181029000000</lastUpdated>
  </versioning>
</metadata>
